<?xml version="1.0" encoding="UTF-8"?>
<testsuite xmlns:xsi="http://www.w3.org/2001/XMLSchema-instance" xsi:noNamespaceSchemaLocation="https://maven.apache.org/surefire/maven-surefire-plugin/xsd/surefire-test-report-3.0.xsd" version="3.0" name="com.mortal.warning.service.impl.WarningStatsServiceImplTest" time="2.398" tests="4" errors="0" skipped="0" failures="0">
  <properties>
[...]
</properties>
  <testcase name="getEfficiency_shouldCalculateExpectedMetrics" classname="com.mortal.warning.service.impl.WarningStatsServiceImplTest" time="2.303"/>
  <testcase name="getTrend_shouldFillMissingDatesWithZero" classname="com.mortal.warning.service.impl.WarningStatsServiceImplTest" time="0.01"/>
  <testcase name="getOverview_shouldReturnZeroWhenNoData" classname="com.mortal.warning.service.impl.WarningStatsServiceImplTest" time="0.024"/>
  <testcase name="getOverview_shouldThrowWhenStartTimeAfterEndTime" classname="com.mortal.warning.service.impl.WarningStatsServiceImplTest" time="0.011"/>
</testsuite>